<?xml version="1.0" encoding="UTF-8"?>
<!-- Generated by org.testng.reporters.JUnitReportReporter -->
<testsuite skipped="0" hostname="Sys" name="com.crm.qa.testcases.LoginPageTest" tests="3" failures="0" timestamp="2020-02-23T13:04:36 IST" time="73.940" errors="0">
  <testcase name="validateLoginPageTitle" time="16.623" classname="com.crm.qa.testcases.LoginPageTest"/>
  <system-out/>
  <testcase name="validateCRMImage" time="29.931" classname="com.crm.qa.testcases.LoginPageTest"/>
  <system-out/>
  <testcase name="loginTest" time="27.386" classname="com.crm.qa.testcases.LoginPageTest"/>
  <system-out/>
</testsuite> <!-- com.crm.qa.testcases.LoginPageTest -->
