<?xml version="1.0" encoding="UTF-8"?>
<!-- Generated by org.testng.reporters.JUnitReportReporter -->
<testsuite skipped="0" hostname="Sys" name="com.crm.qa.testcases.DealsPageTest" tests="3" failures="0" timestamp="2020-03-08T15:00:14 IST" time="134.504" errors="0">
  <testcase name="validateCreateNewDeals" time="46.043" classname="com.crm.qa.testcases.DealsPageTest"/>
  <system-out/>
  <testcase name="validateCreateNewDeals" time="32.554" classname="com.crm.qa.testcases.DealsPageTest"/>
  <system-out/>
  <testcase name="validateCreateNewDeals" time="55.907" classname="com.crm.qa.testcases.DealsPageTest"/>
  <system-out/>
</testsuite> <!-- com.crm.qa.testcases.DealsPageTest -->
